2017/03/20 Mon  1:54:21.47 - WATCHDOG is now operating     1.04.001 - 20th Mar 2017
2017/03/20 Mon  1:54:24.13 - ARMA is currently running
2017/03/20 Mon  1:54:24.16 - MYSQL is currently running
2017/03/20 Mon  1:54:24.18 - TS DNS is currently running
2017/03/20 Mon  1:54:24.20 - TeamSpeak is currently running
2017/03/20 Mon  2:18:20.23 - TS DNS is NOT currently running
2017/03/20 Mon  2:18:24.20 - TS DNS is currently running
2017/03/20 Mon  3:00:08.14 - ARMA is currently running
2017/03/20 Mon  3:58:21.15 - WATCHDOG is now operating     1.04.001 - 20th Mar 2017
2017/03/20 Mon  3:58:24.22 - ARMA is currently running
2017/03/20 Mon  3:58:24.24 - MYSQL is currently running
2017/03/20 Mon  3:58:24.26 - TS DNS is currently running
2017/03/20 Mon  3:58:24.28 - TeamSpeak is currently running
2017/03/20 Mon  3:59:48.95 - WATCHDOG is now operating     1.04.001 - 20th Mar 2017
2017/03/20 Mon  3:59:51.23 - ARMA is currently running
2017/03/20 Mon  3:59:51.25 - MYSQL is currently running
2017/03/20 Mon  3:59:51.27 - TS DNS is currently running
2017/03/20 Mon  3:59:51.29 - TeamSpeak is currently running
2017/03/20 Mon  7:44:02.94 - WATCHDOG is now operating     1.04.001 - 20th Mar 2017
2017/03/20 Mon  7:44:05.20 - ARMA is currently running
2017/03/20 Mon  7:44:05.22 - MYSQL is currently running
2017/03/20 Mon  7:44:05.24 - TS DNS is currently running
2017/03/20 Mon  7:44:05.26 - TeamSpeak is currently running
2017/03/20 Mon  9:15:15.15 - WATCHDOG is now operating     1.04.001 - 20th Mar 2017
2017/03/20 Mon  9:15:18.21 - ARMA is currently running
2017/03/20 Mon  9:15:18.23 - MYSQL is currently running
2017/03/20 Mon  9:15:18.25 - TS DNS is currently running
2017/03/20 Mon  9:15:18.28 - TeamSpeak is currently running
2017/03/20 Mon 13:13:26.20 - ARMA is NOT running. Initialised Restart
2017/03/20 Mon 13:13:31.14 - ARMA is currently in the middle of a restart
2017/03/20 Mon 13:13:39.14 - ARMA is currently running
2017/03/20 Mon 14:39:17.26 - TS DNS is NOT currently running
2017/03/20 Mon 14:39:21.21 - TS DNS is currently running
2017/03/20 Mon 14:39:29.20 - TS DNS is NOT currently running
2017/03/20 Mon 14:39:33.25 - TS DNS is currently running
2017/03/20 Mon 15:00:11.12 - ARMA is currently running
2017/03/20 Mon 18:37:13.24 - TS DNS is NOT currently running
2017/03/20 Mon 18:37:17.17 - TS DNS is currently running
2017/03/20 Mon 23:04:37.12 - ARMA is NOT running. Initialised Restart
2017/03/20 Mon 23:04:42.14 - ARMA is currently in the middle of a restart
2017/03/20 Mon 23:04:46.15 - ARMA is currently running
2017/03/21 Tue  3:00:10.21 - ARMA is currently running
2017/03/21 Tue 15:00:10.13 - ARMA is currently running
2017/03/22 Wed  3:00:09.21 - ARMA is currently running
2017/03/22 Wed 11:48:07.19 - ARMA is NOT running. Initialised Restart
2017/03/22 Wed 11:48:12.21 - ARMA is currently in the middle of a restart
2017/03/22 Wed 11:48:16.21 - ARMA is currently running
2017/03/22 Wed 15:00:11.22 - ARMA is currently running
2017/03/22 Wed 17:44:17.22 - ARMA is NOT running. Initialised Restart
2017/03/22 Wed 17:44:23.19 - ARMA is currently in the middle of a restart
2017/03/22 Wed 17:44:27.21 - ARMA is currently running
2017/03/22 Wed 19:28:58.23 - ARMA is NOT running. Initialised Restart
2017/03/22 Wed 19:29:03.16 - ARMA is currently in the middle of a restart
2017/03/22 Wed 19:29:07.16 - ARMA is currently running
2017/03/22 Wed 19:29:27.14 - ARMA is NOT running. Initialised Restart
2017/03/22 Wed 19:29:32.11 - ARMA is currently in the middle of a restart
2017/03/22 Wed 19:29:40.12 - ARMA is currently running
2017/03/22 Wed 20:39:09.14 - ARMA is NOT running. Initialised Restart
2017/03/22 Wed 20:39:14.16 - ARMA is currently in the middle of a restart
2017/03/22 Wed 20:39:18.16 - ARMA is currently running
2017/03/22 Wed 21:06:04.20 - ARMA is NOT running. Initialised Restart
2017/03/22 Wed 21:06:09.13 - ARMA is currently in the middle of a restart
2017/03/22 Wed 21:06:18.18 - ARMA is currently in the middle of a restart
2017/03/22 Wed 21:06:27.14 - ARMA is currently in the middle of a restart
2017/03/22 Wed 21:06:36.20 - ARMA is currently in the middle of a restart
2017/03/22 Wed 21:06:45.16 - ARMA is currently in the middle of a restart
2017/03/22 Wed 21:06:53.17 - ARMA is currently running
2017/03/22 Wed 21:21:18.06 - WATCHDOG is now operating     1.04.001 - 20th Mar 2017
2017/03/22 Wed 21:21:21.19 - ARMA is NOT running. Initialised Restart
2017/03/22 Wed 21:21:22.21 - MYSQL is currently running
2017/03/22 Wed 21:21:22.22 - TS DNS is currently running
2017/03/22 Wed 21:21:22.26 - TeamSpeak is currently running
2017/03/22 Wed 21:21:26.11 - ARMA is currently in the middle of a restart
2017/03/22 Wed 21:21:34.12 - ARMA is currently running
2017/03/23 Thu  3:00:09.17 - ARMA is currently running
2017/03/23 Thu 15:00:10.20 - ARMA is currently running
2017/03/24 Fri  3:00:09.20 - ARMA is currently running
2017/03/24 Fri 15:00:12.19 - ARMA is currently running
2017/03/24 Fri 18:57:08.15 - ARMA is currently running
2017/03/24 Fri 20:59:11.18 - ARMA is NOT running. Initialised Restart
2017/03/24 Fri 20:59:16.18 - ARMA is currently in the middle of a restart
2017/03/24 Fri 21:00:52.09 - WATCHDOG is now operating     1.04.001 - 20th Mar 2017
2017/03/24 Fri 21:00:55.13 - ARMA is currently in the middle of a restart
2017/03/24 Fri 21:00:55.17 - MYSQL is currently running
2017/03/24 Fri 21:00:55.19 - TS DNS is currently running
2017/03/24 Fri 21:00:55.21 - TeamSpeak is currently running
2017/03/24 Fri 21:01:43.20 - TS DNS is NOT currently running
2017/03/24 Fri 21:01:47.20 - TS DNS is currently running
2017/03/24 Fri 21:02:42.41 - WATCHDOG is now operating     1.04.001 - 20th Mar 2017
2017/03/24 Fri 21:02:45.15 - ARMA is currently in the middle of a restart
2017/03/24 Fri 21:02:45.17 - MYSQL is currently running
2017/03/24 Fri 21:02:45.19 - TS DNS is currently running
2017/03/24 Fri 21:02:45.21 - TeamSpeak is currently running
2017/03/24 Fri 21:05:15.08 - WATCHDOG is now operating     1.04.001 - 20th Mar 2017
2017/03/24 Fri 21:05:18.12 - ARMA is currently in the middle of a restart
2017/03/24 Fri 21:05:18.14 - MYSQL is currently running
2017/03/24 Fri 21:05:18.16 - TS DNS is currently running
2017/03/24 Fri 21:05:18.18 - TeamSpeak is currently running
2017/03/24 Fri 21:06:59.98 - WATCHDOG is now operating     1.04.001 - 20th Mar 2017
2017/03/24 Fri 21:07:02.12 - ARMA is currently in the middle of a restart
2017/03/24 Fri 21:07:02.15 - MYSQL is currently running
2017/03/24 Fri 21:07:02.17 - TS DNS is currently running
2017/03/24 Fri 21:07:02.19 - TeamSpeak is currently running
2017/03/24 Fri 21:25:54.05 - WATCHDOG is now operating     1.04.001 - 20th Mar 2017
2017/03/24 Fri 21:25:57.10 - ARMA is currently in the middle of a restart
2017/03/24 Fri 21:25:57.13 - MYSQL is currently running
2017/03/24 Fri 21:25:57.15 - TS DNS is currently running
2017/03/24 Fri 21:25:57.17 - TeamSpeak is currently running
2017/03/24 Fri 21:53:18.81 - WATCHDOG is now operating     1.04.001 - 20th Mar 2017
2017/03/24 Fri 21:53:21.15 - ARMA is currently in the middle of a restart
2017/03/24 Fri 21:53:21.18 - MYSQL is currently running
2017/03/24 Fri 21:53:21.20 - TS DNS is currently running
2017/03/24 Fri 21:53:21.22 - TeamSpeak is currently running
2017/03/24 Fri 21:54:17.19 - TS DNS is NOT currently running
2017/03/24 Fri 21:54:21.20 - TS DNS is currently running
2017/03/25 Sat  1:12:25.22 - WATCHDOG is now operating     1.04.001 - 20th Mar 2017
2017/03/25 Sat  1:12:28.16 - ARMA is currently in the middle of a restart
2017/03/25 Sat  1:12:28.19 - MYSQL is currently running
2017/03/25 Sat  1:12:28.21 - TS DNS is currently running
2017/03/25 Sat  1:12:28.23 - TeamSpeak is currently running
2017/03/25 Sat  1:14:29.91 - WATCHDOG is now operating     1.04.001 - 20th Mar 2017
2017/03/25 Sat  1:14:32.13 - ARMA is currently in the middle of a restart
2017/03/25 Sat  1:14:32.15 - MYSQL is currently running
2017/03/25 Sat  1:14:32.16 - TS DNS is NOT currently running
2017/03/25 Sat  1:14:32.20 - TeamSpeak is NOT currently running
2017/03/25 Sat  1:14:36.19 - TS DNS is currently running
2017/03/25 Sat  1:14:36.21 - TeamSpeak is currently running
2017/03/25 Sat  1:18:12.16 - WATCHDOG is now operating     1.04.001 - 20th Mar 2017
2017/03/25 Sat  1:18:15.13 - ARMA is currently in the middle of a restart
2017/03/25 Sat  1:18:15.14 - MYSQL is currently running
2017/03/25 Sat  1:18:15.16 - TS DNS is currently running
2017/03/25 Sat  1:18:15.19 - TeamSpeak is currently running
2017/03/25 Sat  1:24:42.89 - WATCHDOG is now operating     1.04.001 - 20th Mar 2017
2017/03/25 Sat  1:24:45.19 - ARMA is currently in the middle of a restart
2017/03/25 Sat  1:24:45.21 - MYSQL is currently running
2017/03/25 Sat  1:24:45.22 - TS DNS is currently running
2017/03/25 Sat  1:24:45.24 - TeamSpeak is currently running
2017/03/25 Sat  1:26:34.78 - WATCHDOG is now operating     1.04.001 - 20th Mar 2017
2017/03/25 Sat  1:26:37.11 - ARMA is currently in the middle of a restart
2017/03/25 Sat  1:26:37.12 - MYSQL is currently running
2017/03/25 Sat  1:26:37.14 - TS DNS is currently running
2017/03/25 Sat  1:26:37.15 - TeamSpeak is currently running
2017/03/25 Sat  1:28:31.96 - WATCHDOG is now operating     1.04.001 - 20th Mar 2017
2017/03/25 Sat  1:28:34.19 - ARMA is currently in the middle of a restart
2017/03/25 Sat  1:28:34.21 - MYSQL is currently running
2017/03/25 Sat  1:28:34.23 - TS DNS is currently running
2017/03/25 Sat  1:28:34.25 - TeamSpeak is currently running
2017/03/25 Sat  6:54:18.13 - ARMA is currently in the middle of a restart
2017/03/25 Sat  6:54:26.13 - ARMA is currently running
2017/03/25 Sat 15:00:09.16 - ARMA is currently running
2017/03/25 Sat 23:20:09.21 - ARMA is NOT running. Initialised Restart
2017/03/25 Sat 23:20:14.17 - ARMA is currently in the middle of a restart
2017/03/25 Sat 23:32:13.83 - WATCHDOG is now operating     1.04.001 - 20th Mar 2017
2017/03/25 Sat 23:32:16.16 - ARMA is currently in the middle of a restart
2017/03/25 Sat 23:32:16.20 - MYSQL is currently running
2017/03/25 Sat 23:32:16.22 - TS DNS is currently running
2017/03/25 Sat 23:32:16.24 - TeamSpeak is currently running
2017/03/26 Sun  8:09:17.04 - WATCHDOG is now operating     1.04.001 - 20th Mar 2017
2017/03/26 Sun  8:09:20.21 - ARMA is NOT running. Initialised Restart
2017/03/26 Sun  8:09:21.15 - MYSQL is currently running
2017/03/26 Sun  8:09:21.16 - TS DNS is currently running
2017/03/26 Sun  8:09:21.18 - TeamSpeak is currently running
2017/03/26 Sun  8:09:25.14 - ARMA is currently in the middle of a restart
2017/03/26 Sun  8:09:29.17 - ARMA is currently running
2017/03/26 Sun 14:30:28.22 - ARMA is NOT running. Initialised Restart
2017/03/26 Sun 14:31:07.90 - WATCHDOG is now operating     1.04.001 - 20th Mar 2017
2017/03/26 Sun 14:31:10.14 - ARMA is currently in the middle of a restart
2017/03/26 Sun 14:31:10.16 - MYSQL is currently running
2017/03/26 Sun 14:31:10.18 - TS DNS is currently running
2017/03/26 Sun 14:31:10.20 - TeamSpeak is currently running
2017/03/26 Sun 14:31:51.19 - ARMA is currently in the middle of a restart
2017/03/26 Sun 14:31:55.21 - ARMA is currently running
2017/03/26 Sun 16:00:28.12 - WATCHDOG is now operating     1.04.001 - 20th Mar 2017
2017/03/26 Sun 16:00:31.17 - ARMA is currently running
2017/03/26 Sun 16:00:31.19 - MYSQL is currently running
2017/03/26 Sun 16:00:31.22 - TS DNS is currently running
2017/03/26 Sun 16:00:31.24 - TeamSpeak is currently running
2017/03/26 Sun 16:45:00.22 - TS DNS is NOT currently running
2017/03/26 Sun 16:45:04.25 - TS DNS is currently running
2017/03/26 Sun 17:27:19.23 - ARMA is NOT running. Initialised Restart
2017/03/26 Sun 17:27:24.14 - ARMA is currently in the middle of a restart
2017/03/26 Sun 17:27:28.15 - ARMA is currently running
2017/03/26 Sun 17:28:08.13 - ARMA is NOT running. Initialised Restart
2017/03/26 Sun 17:28:13.14 - ARMA is currently in the middle of a restart
2017/03/26 Sun 17:28:17.14 - ARMA is currently running
2017/03/26 Sun 17:28:21.22 - ARMA is NOT running. Initialised Restart
2017/03/26 Sun 17:28:26.13 - ARMA is currently in the middle of a restart
2017/03/26 Sun 17:28:33.51 - ARMA is currently in the middle of a restart
2017/03/26 Sun 17:28:33.51 - MYSQL is NOT currently running
2017/03/26 Sun 17:28:33.53 - TS DNS is NOT currently running
2017/03/26 Sun 17:28:33.53 - TeamSpeak is NOT currently running
2017/03/26 Sun 17:31:52.26 - WATCHDOG is now operating     1.04.001 - 20th Mar 2017
2017/03/26 Sun 17:31:55.13 - ARMA is currently in the middle of a restart
2017/03/26 Sun 17:31:55.15 - MYSQL is currently running
2017/03/26 Sun 17:31:55.16 - TS DNS is NOT currently running
2017/03/26 Sun 17:31:55.19 - TeamSpeak is NOT currently running
2017/03/26 Sun 17:31:59.19 - TS DNS is currently running
2017/03/26 Sun 17:31:59.20 - TeamSpeak is currently running
2017/03/26 Sun 17:32:44.15 - ARMA is currently in the middle of a restart
2017/03/26 Sun 17:32:48.15 - ARMA is currently running
2017/03/26 Sun 18:09:25.02 - WATCHDOG is now operating     1.04.001 - 20th Mar 2017
2017/03/26 Sun 18:09:28.13 - ARMA is NOT running. Initialised Restart
2017/03/26 Sun 18:09:29.16 - MYSQL is currently running
2017/03/26 Sun 18:09:29.18 - TS DNS is currently running
2017/03/26 Sun 18:09:29.19 - TeamSpeak is currently running
2017/03/26 Sun 18:09:33.15 - ARMA is currently in the middle of a restart
2017/03/26 Sun 18:09:41.14 - ARMA is currently running
2017/03/26 Sun 18:16:00.22 - ARMA is NOT running. Initialised Restart
2017/03/26 Sun 18:16:05.16 - ARMA is currently in the middle of a restart
2017/03/26 Sun 18:16:09.16 - ARMA is currently running
2017/03/26 Sun 18:17:17.14 - ARMA is NOT running. Initialised Restart
2017/03/26 Sun 18:17:22.20 - ARMA is currently in the middle of a restart
2017/03/26 Sun 18:17:26.20 - ARMA is currently running
2017/03/26 Sun 18:55:54.20 - ARMA is NOT running. Initialised Restart
2017/03/26 Sun 18:55:59.12 - ARMA is currently in the middle of a restart
2017/03/26 Sun 18:56:07.12 - ARMA is currently running
2017/03/26 Sun 18:58:47.13 - ARMA is NOT running. Initialised Restart
2017/03/26 Sun 18:58:53.17 - ARMA is currently in the middle of a restart
2017/03/26 Sun 18:58:57.19 - ARMA is currently running
2017/03/26 Sun 18:59:33.15 - ARMA is NOT running. Initialised Restart
2017/03/26 Sun 18:59:38.18 - ARMA is currently in the middle of a restart
2017/03/26 Sun 18:59:42.19 - ARMA is currently running
2017/03/26 Sun 19:29:17.15 - WATCHDOG is now operating     1.04.001 - 20th Mar 2017
2017/03/26 Sun 19:29:20.21 - ARMA is NOT running. Initialised Restart
2017/03/26 Sun 19:29:21.14 - MYSQL is currently running
2017/03/26 Sun 19:29:21.16 - TS DNS is NOT currently running
2017/03/26 Sun 19:29:21.18 - TeamSpeak is currently running
2017/03/26 Sun 19:29:25.14 - ARMA is currently in the middle of a restart
2017/03/26 Sun 19:29:25.18 - TS DNS is currently running
2017/03/26 Sun 19:29:33.16 - ARMA is currently running
2017/03/27 Mon  6:33:15.15 - ARMA is NOT running. Initialised Restart
2017/03/27 Mon  6:33:20.18 - ARMA is currently in the middle of a restart
2017/03/27 Mon  6:33:24.21 - ARMA is currently running
2017/03/27 Mon 15:49:48.20 - ARMA is NOT running. Initialised Restart
2017/03/27 Mon 15:49:53.13 - ARMA is currently in the middle of a restart
2017/03/27 Mon 15:50:01.16 - ARMA is currently running
2017/03/27 Mon 20:39:45.96 - WATCHDOG is now operating     1.04.001 - 20th Mar 2017
2017/03/27 Mon 20:39:48.13 - ARMA is NOT running. Initialised Restart
2017/03/27 Mon 20:39:49.16 - MYSQL is currently running
2017/03/27 Mon 20:39:49.19 - TS DNS is currently running
2017/03/27 Mon 20:39:49.21 - TeamSpeak is currently running
2017/03/27 Mon 20:39:53.16 - ARMA is currently in the middle of a restart
2017/03/27 Mon 20:39:57.19 - ARMA is currently running
2017/03/27 Mon 20:47:18.32 - WATCHDOG is now operating     1.04.001 - 20th Mar 2017
2017/03/27 Mon 20:47:21.20 - ARMA is NOT running. Initialised Restart
2017/03/27 Mon 20:47:22.13 - MYSQL is currently running
2017/03/27 Mon 20:47:22.15 - TS DNS is currently running
2017/03/27 Mon 20:47:22.17 - TeamSpeak is currently running
2017/03/27 Mon 20:47:26.12 - ARMA is currently in the middle of a restart
2017/03/27 Mon 20:47:34.14 - ARMA is currently running
2017/03/28 Tue 15:45:05.42 - WATCHDOG is now operating     1.04.001 - 20th Mar 2017
2017/03/28 Tue 15:45:08.19 - ARMA is NOT running. Initialised Restart
2017/03/28 Tue 15:45:09.12 - MYSQL is currently running
2017/03/28 Tue 15:45:09.14 - TS DNS is currently running
2017/03/28 Tue 15:45:09.16 - TeamSpeak is currently running
2017/03/28 Tue 15:45:13.12 - ARMA is currently in the middle of a restart
2017/03/28 Tue 15:45:21.14 - ARMA is currently running
2017/03/28 Tue 21:00:24.65 - WATCHDOG is now operating     1.04.001 - 20th Mar 2017
2017/03/28 Tue 21:00:27.22 - ARMA is currently running
2017/03/28 Tue 21:00:27.25 - MYSQL is currently running
2017/03/28 Tue 21:00:27.27 - TS DNS is currently running
2017/03/28 Tue 21:00:27.29 - TeamSpeak is currently running
2017/03/29 Wed 15:07:10.16 - ARMA is NOT running. Initialised Restart
2017/03/29 Wed 15:07:15.19 - ARMA is currently in the middle of a restart
2017/03/29 Wed 15:07:19.21 - ARMA is currently running
2017/03/30 Thu  1:32:05.61 - WATCHDOG is now operating     1.04.001 - 20th Mar 2017
2017/03/30 Thu  1:32:08.17 - ARMA is currently running
2017/03/30 Thu  1:32:08.20 - MYSQL is currently running
2017/03/30 Thu  1:32:08.22 - TS DNS is currently running
2017/03/30 Thu  1:32:08.25 - TeamSpeak is currently running
2017/03/30 Thu 10:47:08.17 - ARMA is currently running
2017/03/30 Thu 10:47:08.20 - ARMA is currently running
2017/03/30 Thu 10:55:40.19 - ARMA is NOT running. Initialised Restart
2017/03/30 Thu 10:55:45.12 - ARMA is currently in the middle of a restart
2017/03/30 Thu 10:55:53.14 - ARMA is currently running
2017/03/30 Thu 15:22:57.21 - ARMA is NOT running. Initialised Restart
2017/03/30 Thu 15:23:02.17 - ARMA is currently in the middle of a restart
2017/03/30 Thu 15:23:06.18 - ARMA is currently running
2017/03/31 Fri  7:13:52.17 - ARMA is NOT running. Initialised Restart
2017/03/31 Fri  7:13:57.15 - ARMA is currently in the middle of a restart
2017/03/31 Fri  7:14:01.15 - ARMA is currently running
2017/03/31 Fri 16:04:34.22 - ARMA is NOT running. Initialised Restart
2017/03/31 Fri 16:04:39.15 - ARMA is currently in the middle of a restart
2017/03/31 Fri 16:04:43.17 - ARMA is currently running
2017/04/01 Sat  3:00:12.22 - ARMA is currently running
2017/04/01 Sat 12:43:35.28 - TeamSpeak is NOT currently running
2017/04/01 Sat 12:43:39.26 - TeamSpeak is currently running
2017/04/01 Sat 12:43:59.20 - TeamSpeak is NOT currently running
2017/04/01 Sat 12:44:03.25 - TeamSpeak is currently running
2017/04/01 Sat 13:09:15.34 - WATCHDOG is now operating     1.04.001 - 20th Mar 2017
2017/04/01 Sat 13:09:18.21 - ARMA is currently running
2017/04/01 Sat 13:09:18.24 - MYSQL is currently running
2017/04/01 Sat 13:09:18.26 - TS DNS is currently running
2017/04/01 Sat 13:09:18.29 - TeamSpeak is currently running
2017/04/01 Sat 13:37:13.26 - WATCHDOG is now operating     1.04.001 - 20th Mar 2017
2017/04/01 Sat 13:37:16.23 - ARMA is currently running
2017/04/01 Sat 13:37:16.25 - MYSQL is currently running
2017/04/01 Sat 13:37:16.28 - TS DNS is currently running
2017/04/01 Sat 13:37:16.30 - TeamSpeak is currently running
2017/04/01 Sat 15:00:10.12 - ARMA is currently running
2017/04/02 Sun  2:36:50.15 - ARMA is NOT running. Initialised Restart
2017/04/02 Sun  2:36:55.15 - ARMA is currently in the middle of a restart
2017/04/02 Sun  2:36:59.16 - ARMA is currently running
2017/04/02 Sun  3:00:11.16 - ARMA is currently running
2017/04/02 Sun 11:55:19.23 - ARMA is NOT running. Initialised Restart
2017/04/02 Sun 11:55:24.19 - ARMA is currently in the middle of a restart
2017/04/02 Sun 11:55:28.21 - ARMA is currently running
2017/04/02 Sun 15:00:11.16 - ARMA is currently running
2017/04/02 Sun 15:22:07.17 - ARMA is NOT running. Initialised Restart
2017/04/02 Sun 15:22:12.21 - ARMA is currently in the middle of a restart
2017/04/02 Sun 15:22:16.19 - ARMA is currently running
2017/04/03 Mon  3:00:12.21 - ARMA is currently running
2017/04/03 Mon 15:00:10.16 - ARMA is currently running
2017/04/04 Tue  3:00:12.16 - ARMA is currently running
2017/04/04 Tue 15:00:11.21 - ARMA is currently running
2017/04/05 Wed  3:00:13.17 - ARMA is currently running
2017/04/05 Wed 15:00:13.12 - ARMA is currently running
2017/04/06 Thu  3:00:12.19 - ARMA is currently running
2017/04/06 Thu 15:00:12.17 - ARMA is currently running
2017/04/06 Thu 20:20:09.12 - ARMA is NOT running. Initialised Restart
2017/04/06 Thu 20:20:14.16 - ARMA is currently in the middle of a restart
2017/04/06 Thu 20:20:18.20 - ARMA is currently running
2017/04/07 Fri  3:00:09.19 - ARMA is currently running
2017/04/07 Fri 15:00:13.14 - ARMA is currently running
2017/04/08 Sat  3:00:13.13 - ARMA is currently running
2017/04/08 Sat 15:00:13.15 - ARMA is currently running
2017/04/09 Sun  3:00:09.14 - ARMA is currently running
2017/04/09 Sun 15:00:13.14 - ARMA is currently running
2017/04/10 Mon  3:00:12.13 - ARMA is currently running
2017/04/10 Mon 15:00:12.13 - ARMA is currently running
2017/04/11 Tue  3:00:11.20 - ARMA is currently running
2017/04/11 Tue 15:00:12.13 - ARMA is currently running
2017/04/12 Wed  3:00:11.13 - ARMA is currently running
2017/04/12 Wed 15:00:09.15 - ARMA is currently running
2017/04/13 Thu  3:00:09.20 - ARMA is currently running
2017/04/13 Thu 15:00:09.16 - ARMA is currently running
2017/04/14 Fri  3:00:09.16 - ARMA is currently running
2017/04/14 Fri 15:00:09.14 - ARMA is currently running
2017/04/15 Sat  3:00:11.12 - ARMA is currently running
2017/04/15 Sat 15:00:10.19 - ARMA is currently running
2017/04/16 Sun  3:00:10.20 - ARMA is currently running
2017/04/16 Sun 15:00:11.17 - ARMA is currently running
2017/04/17 Mon  3:00:09.21 - ARMA is currently running
2017/04/17 Mon 15:00:09.14 - ARMA is currently running
2017/04/18 Tue  3:00:12.16 - ARMA is currently running
2017/04/18 Tue 15:00:10.17 - ARMA is currently running
2017/04/19 Wed  3:00:11.15 - ARMA is currently running
2017/04/19 Wed 15:00:11.16 - ARMA is currently running
2017/04/20 Thu  3:00:10.19 - ARMA is currently running
2017/04/20 Thu 15:00:16.12 - ARMA is currently running
2017/04/21 Fri  3:00:11.16 - ARMA is currently running
2017/04/21 Fri 15:00:12.18 - ARMA is currently running
2017/04/22 Sat  3:00:10.16 - ARMA is currently running
2017/04/22 Sat 15:00:09.15 - ARMA is currently running
2017/04/23 Sun  3:00:10.18 - ARMA is currently running
2017/04/23 Sun 15:00:11.12 - ARMA is currently running
2017/04/24 Mon  3:00:10.22 - ARMA is currently running
2017/04/24 Mon 15:00:13.14 - ARMA is currently running
2017/04/25 Tue  3:00:11.22 - ARMA is currently running
2017/04/25 Tue  3:05:47.47 - ARMA is NOT running. Initialised Restart
2017/04/25 Tue  3:05:52.16 - ARMA is currently in the middle of a restart
2017/04/25 Tue  3:05:56.18 - ARMA is currently running
2017/04/25 Tue 15:00:12.21 - ARMA is currently running
2017/04/26 Wed  3:00:10.22 - ARMA is currently running
2017/04/26 Wed 15:00:12.13 - ARMA is currently running
2017/04/27 Thu  3:00:11.13 - ARMA is currently running
2017/04/27 Thu 15:00:11.21 - ARMA is currently running
2017/04/28 Fri  3:00:12.18 - ARMA is currently running
2017/04/28 Fri 15:00:12.13 - ARMA is currently running
2017/04/29 Sat  3:00:12.12 - ARMA is currently running
2017/04/29 Sat 15:00:11.17 - ARMA is currently running
2017/04/30 Sun  3:00:12.20 - ARMA is currently running
2017/04/30 Sun 15:00:11.17 - ARMA is currently running
2017/04/30 Sun 22:18:35.13 - ARMA is NOT running. Initialised Restart
2017/04/30 Sun 22:18:40.17 - ARMA is currently in the middle of a restart
2017/04/30 Sun 22:18:44.18 - ARMA is currently running
2017/05/01 Mon  3:00:11.18 - ARMA is currently running
2017/05/01 Mon 15:00:09.14 - ARMA is currently running
2017/05/02 Tue  3:00:12.19 - ARMA is currently running
2017/05/02 Tue 15:00:11.14 - ARMA is currently running
2017/05/02 Tue 23:04:55.13 - ARMA is NOT running. Initialised Restart
2017/05/02 Tue 23:05:00.21 - ARMA is currently in the middle of a restart
2017/05/02 Tue 23:05:08.20 - ARMA is currently running
2017/05/03 Wed  3:00:10.20 - ARMA is currently running
2017/05/03 Wed 15:00:10.20 - ARMA is currently running
2017/05/04 Thu  3:00:13.17 - ARMA is currently running
2017/05/04 Thu 15:00:12.13 - ARMA is currently running
2017/05/05 Fri  3:00:12.20 - ARMA is currently running
2017/05/05 Fri 15:00:10.16 - ARMA is currently running
2017/05/06 Sat  3:00:10.19 - ARMA is currently running
2017/05/06 Sat 15:00:11.13 - ARMA is currently running
2017/05/07 Sun  3:00:10.15 - ARMA is currently running
2017/05/07 Sun 15:00:13.18 - ARMA is currently running
2017/05/08 Mon  3:00:09.14 - ARMA is currently running
2017/05/08 Mon 15:00:11.21 - ARMA is currently running
2017/05/09 Tue  3:00:09.14 - ARMA is currently running
2017/05/09 Tue 15:00:13.14 - ARMA is currently running
2017/05/10 Wed  3:00:10.18 - ARMA is currently running
2017/05/10 Wed 15:00:09.20 - ARMA is currently running
2017/05/11 Thu  3:00:13.21 - ARMA is currently running
2017/05/11 Thu 15:00:11.14 - ARMA is currently running
2017/05/11 Thu 16:52:43.23 - ARMA is NOT running. Initialised Restart
2017/05/11 Thu 16:52:48.16 - ARMA is currently in the middle of a restart
2017/05/11 Thu 16:52:52.18 - ARMA is currently running
2017/05/12 Fri  3:00:13.13 - ARMA is currently running
2017/05/12 Fri 15:00:09.22 - ARMA is currently running
2017/05/13 Sat  3:00:11.18 - ARMA is currently running
2017/05/13 Sat 15:00:12.16 - ARMA is currently running
2017/05/14 Sun  3:00:10.17 - ARMA is currently running
2017/05/14 Sun 15:00:12.20 - ARMA is currently running
2017/05/15 Mon  3:00:09.15 - ARMA is currently running
2017/05/15 Mon 15:00:13.18 - ARMA is currently running
2017/05/16 Tue  3:00:09.21 - ARMA is currently running
2017/05/16 Tue 15:00:13.16 - ARMA is currently running
2017/05/17 Wed  3:00:10.17 - ARMA is currently running
2017/05/17 Wed 11:50:02.13 - ARMA is currently running
2017/05/17 Wed 15:00:12.17 - ARMA is currently running
2017/05/18 Thu  3:00:10.22 - ARMA is currently running
2017/05/18 Thu 15:00:13.15 - ARMA is currently running
2017/05/19 Fri  3:00:11.14 - ARMA is currently running
2017/05/19 Fri 15:00:12.12 - ARMA is currently running
2017/05/19 Fri 20:57:46.13 - ARMA is NOT running. Initialised Restart
2017/05/19 Fri 20:57:51.17 - ARMA is currently in the middle of a restart
2017/05/19 Fri 20:57:55.22 - ARMA is currently running
2017/05/20 Sat  3:00:10.19 - ARMA is currently running
2017/05/20 Sat 13:59:33.20 - ARMA is NOT running. Initialised Restart
2017/05/20 Sat 13:59:38.14 - ARMA is currently in the middle of a restart
2017/05/20 Sat 13:59:42.16 - ARMA is currently running
2017/05/20 Sat 15:00:11.21 - ARMA is currently running
2017/05/21 Sun  3:00:13.14 - ARMA is currently running
2017/05/21 Sun 15:00:12.20 - ARMA is currently running
2017/05/22 Mon  3:00:12.21 - ARMA is currently running
2017/05/22 Mon 15:00:12.19 - ARMA is currently running
2017/05/23 Tue  3:00:11.17 - ARMA is currently running
2017/05/23 Tue 15:00:10.13 - ARMA is currently running
2017/05/24 Wed  3:00:10.15 - ARMA is currently running
2017/05/24 Wed 15:00:11.16 - ARMA is currently running
2017/05/25 Thu  3:00:10.19 - ARMA is currently running
2017/05/25 Thu 15:00:12.16 - ARMA is currently running
2017/05/26 Fri  3:00:10.17 - ARMA is currently running
2017/05/26 Fri 15:00:13.15 - ARMA is currently running
2017/05/26 Fri 21:03:46.06 - WATCHDOG is now operating     1.04.001 - 20th Mar 2017
2017/05/26 Fri 21:03:49.21 - ARMA is currently running
2017/05/26 Fri 21:03:49.24 - MYSQL is currently running
2017/05/26 Fri 21:03:49.26 - TS DNS is currently running
2017/05/26 Fri 21:03:49.28 - TeamSpeak is currently running
2017/05/26 Fri 21:09:47.59 - WATCHDOG is now operating     1.04.001 - 20th Mar 2017
2017/05/26 Fri 21:09:50.14 - ARMA is currently running
2017/05/26 Fri 21:09:50.16 - MYSQL is currently running
2017/05/26 Fri 21:09:50.18 - TS DNS is currently running
2017/05/26 Fri 21:09:50.20 - TeamSpeak is currently running
2017/05/26 Fri 21:12:38.82 - WATCHDOG is now operating     1.04.001 - 20th Mar 2017
2017/05/26 Fri 21:12:41.15 - ARMA is currently in the middle of a restart
2017/05/26 Fri 21:12:41.17 - MYSQL is currently running
2017/05/26 Fri 21:12:41.19 - TS DNS is currently running
2017/05/26 Fri 21:12:41.22 - TeamSpeak is currently running
2017/05/26 Fri 21:13:44.46 - WATCHDOG is now operating     1.04.001 - 20th Mar 2017
2017/05/26 Fri 21:13:47.22 - ARMA is currently running
2017/05/26 Fri 21:13:47.24 - MYSQL is currently running
2017/05/26 Fri 21:13:47.26 - TS DNS is currently running
2017/05/26 Fri 21:13:47.28 - TeamSpeak is currently running
2017/05/26 Fri 21:14:49.14 - WATCHDOG is now operating     1.04.001 - 20th Mar 2017
2017/05/26 Fri 21:14:52.15 - ARMA is NOT running. Initialised Restart
2017/05/26 Fri 21:14:53.16 - MYSQL is currently running
2017/05/26 Fri 21:14:53.19 - TS DNS is currently running
2017/05/26 Fri 21:14:53.21 - TeamSpeak is currently running
2017/05/26 Fri 21:14:57.20 - ARMA is currently in the middle of a restart
2017/05/26 Fri 21:15:01.20 - ARMA is currently running
2017/05/27 Sat  3:00:11.16 - ARMA is currently running
2017/05/27 Sat 15:00:11.13 - ARMA is currently running
2017/05/28 Sun  3:00:10.13 - ARMA is currently running
2017/05/28 Sun  5:19:20.15 - ARMA is NOT running. Initialised Restart
2017/05/28 Sun  5:19:25.18 - ARMA is currently in the middle of a restart
2017/05/28 Sun  5:19:29.19 - ARMA is currently running
2017/05/28 Sun 15:00:10.18 - ARMA is currently running
2017/05/29 Mon  3:00:10.17 - ARMA is currently running
2017/05/29 Mon 14:10:24.18 - ARMA is NOT running. Initialised Restart
2017/05/29 Mon 14:10:29.12 - ARMA is currently in the middle of a restart
2017/05/29 Mon 14:10:37.16 - ARMA is currently running
2017/05/29 Mon 15:00:12.16 - ARMA is currently running
2017/05/29 Mon 19:47:37.26 - TS DNS is NOT currently running
2017/05/29 Mon 19:47:41.21 - TS DNS is currently running
2017/05/29 Mon 19:52:52.22 - TS DNS is NOT currently running
2017/05/29 Mon 19:52:56.27 - TS DNS is currently running
2017/05/29 Mon 19:54:05.78 - WATCHDOG is now operating     1.04.001 - 20th Mar 2017
2017/05/29 Mon 19:54:08.14 - ARMA is currently running
2017/05/29 Mon 19:54:08.16 - MYSQL is currently running
2017/05/29 Mon 19:54:08.19 - TS DNS is currently running
2017/05/29 Mon 19:54:08.21 - TeamSpeak is currently running
2017/05/30 Tue  3:00:12.17 - ARMA is currently running
2017/05/30 Tue 15:00:12.16 - ARMA is currently running
2017/05/31 Wed  3:00:09.16 - ARMA is currently running
2017/05/31 Wed 15:00:12.13 - ARMA is currently running
2017/06/01 Thu  3:00:10.17 - ARMA is currently running
2017/06/01 Thu 15:00:10.19 - ARMA is currently running
2017/06/02 Fri  3:00:13.15 - ARMA is currently running
2017/06/02 Fri 15:00:12.19 - ARMA is currently running
2017/06/03 Sat  3:00:12.21 - ARMA is currently running
2017/06/03 Sat 15:00:11.21 - ARMA is currently running
2017/06/04 Sun  3:00:10.17 - ARMA is currently running
2017/06/04 Sun 15:00:12.21 - ARMA is currently running
2017/06/05 Mon  3:00:11.17 - ARMA is currently running
2017/06/05 Mon 15:00:13.14 - ARMA is currently running
2017/06/06 Tue  3:00:11.19 - ARMA is currently running
2017/06/06 Tue 15:00:10.16 - ARMA is currently running
2017/06/07 Wed  3:00:11.19 - ARMA is currently running
2017/06/07 Wed 15:00:09.17 - ARMA is currently running
2017/06/08 Thu  3:00:10.22 - ARMA is currently running
2017/06/08 Thu 15:00:13.17 - ARMA is currently running
2017/06/09 Fri  3:00:09.21 - ARMA is currently running
2017/06/09 Fri 15:00:14.12 - ARMA is currently running
2017/06/10 Sat  3:00:13.14 - ARMA is currently running
2017/06/10 Sat 15:00:12.14 - ARMA is currently running
2017/06/11 Sun  3:00:10.18 - ARMA is currently running
2017/06/11 Sun  9:26:29.20 - TS DNS is NOT currently running
2017/06/11 Sun  9:26:33.25 - TS DNS is currently running
2017/06/11 Sun 15:00:11.19 - ARMA is currently running
2017/06/12 Mon  3:00:10.20 - ARMA is currently running
2017/06/12 Mon 15:00:13.14 - ARMA is currently running
2017/06/13 Tue  3:00:12.14 - ARMA is currently running
2017/06/13 Tue 15:00:12.20 - ARMA is currently running
2017/06/14 Wed  3:00:09.20 - ARMA is currently running
2017/06/14 Wed 15:00:11.17 - ARMA is currently running
2017/06/15 Thu  3:00:09.14 - ARMA is currently running
2017/06/15 Thu 15:00:11.18 - ARMA is currently running
2017/06/16 Fri  3:00:11.13 - ARMA is currently running
2017/06/16 Fri 15:00:09.20 - ARMA is currently running
2017/06/16 Fri 17:58:29.17 - ARMA is NOT running. Initialised Restart
2017/06/16 Fri 17:58:34.13 - ARMA is currently in the middle of a restart
2017/06/16 Fri 17:58:42.16 - ARMA is currently running
2017/06/17 Sat  3:00:12.21 - ARMA is currently running
2017/06/17 Sat 13:44:31.21 - ARMA is NOT running. Initialised Restart
2017/06/17 Sat 13:44:36.14 - ARMA is currently in the middle of a restart
2017/06/17 Sat 13:44:40.15 - ARMA is currently running
2017/06/17 Sat 15:00:11.20 - ARMA is currently running
2017/06/18 Sun  3:00:10.20 - ARMA is currently running
2017/06/18 Sun 15:00:13.16 - ARMA is currently running
2017/06/19 Mon  3:00:12.12 - ARMA is currently running
2017/06/19 Mon 15:00:09.22 - ARMA is currently running
2017/06/20 Tue  3:00:11.15 - ARMA is currently running
2017/06/20 Tue 15:00:11.17 - ARMA is currently running
2017/06/21 Wed  3:00:11.17 - ARMA is currently running
2017/06/21 Wed 15:00:11.18 - ARMA is currently running
2017/06/22 Thu  3:00:13.15 - ARMA is currently running
2017/06/22 Thu 15:00:13.16 - ARMA is currently running
2017/06/23 Fri  3:00:12.17 - ARMA is currently running
2017/06/23 Fri 15:00:12.14 - ARMA is currently running
2017/06/23 Fri 16:26:29.69 - WATCHDOG is now operating     1.04.001 - 20th Mar 2017
2017/06/23 Fri 16:26:32.13 - ARMA is NOT running. Initialised Restart
2017/06/23 Fri 16:26:33.16 - MYSQL is currently running
2017/06/23 Fri 16:26:33.19 - TS DNS is currently running
2017/06/23 Fri 16:26:33.20 - TeamSpeak is currently running
2017/06/23 Fri 16:26:37.17 - ARMA is currently in the middle of a restart
2017/06/23 Fri 16:26:41.19 - ARMA is currently running
2017/06/23 Fri 16:30:26.63 - WATCHDOG is now operating     1.04.001 - 20th Mar 2017
2017/06/23 Fri 16:30:29.18 - ARMA is currently running
2017/06/23 Fri 16:30:29.21 - MYSQL is currently running
2017/06/23 Fri 16:30:29.23 - TS DNS is currently running
2017/06/23 Fri 16:30:29.26 - TeamSpeak is currently running
2017/06/23 Fri 16:46:24.50 - WATCHDOG is now operating     1.04.001 - 20th Mar 2017
2017/06/23 Fri 16:46:27.17 - ARMA is NOT running. Initialised Restart
2017/06/23 Fri 16:46:28.18 - MYSQL is currently running
2017/06/23 Fri 16:46:28.21 - TS DNS is currently running
2017/06/23 Fri 16:46:28.23 - TeamSpeak is currently running
2017/06/23 Fri 16:46:32.19 - ARMA is currently in the middle of a restart
2017/06/23 Fri 16:46:36.22 - ARMA is currently running
2017/06/24 Sat  1:00:59.17 - ARMA is currently running
2017/06/24 Sat  3:00:11.19 - ARMA is currently running
2017/06/24 Sat 15:00:12.18 - ARMA is currently running
2017/06/25 Sun  3:00:11.18 - ARMA is currently running
2017/06/25 Sun 15:00:11.13 - ARMA is currently running
2017/06/26 Mon  3:00:11.17 - ARMA is currently running
2017/06/26 Mon 15:00:13.15 - ARMA is currently running
2017/06/27 Tue  3:00:10.17 - ARMA is currently running
2017/06/27 Tue 15:00:12.13 - ARMA is currently running
2017/06/28 Wed  3:00:10.21 - ARMA is currently running
2017/06/28 Wed 15:00:12.21 - ARMA is currently running
2017/06/29 Thu  3:00:10.22 - ARMA is currently running
2017/06/29 Thu 15:00:10.15 - ARMA is currently running
2017/06/30 Fri  3:00:13.17 - ARMA is currently running
2017/06/30 Fri 15:00:12.18 - ARMA is currently running
2017/07/01 Sat  3:00:10.13 - ARMA is currently running
2017/07/01 Sat 15:00:10.20 - ARMA is currently running
2017/07/02 Sun  3:00:11.13 - ARMA is currently running
2017/07/02 Sun 15:00:10.20 - ARMA is currently running
2017/07/02 Sun 15:02:42.18 - ARMA is NOT running. Initialised Restart
2017/07/02 Sun 15:02:47.11 - ARMA is currently in the middle of a restart
2017/07/02 Sun 15:02:55.16 - ARMA is currently running
2017/07/02 Sun 15:06:22.14 - ARMA is NOT running. Initialised Restart
2017/07/02 Sun 15:06:27.17 - ARMA is currently in the middle of a restart
2017/07/02 Sun 15:06:31.18 - ARMA is currently running
2017/07/02 Sun 22:05:05.19 - ARMA is NOT running. Initialised Restart
2017/07/02 Sun 22:05:10.13 - ARMA is currently in the middle of a restart
2017/07/02 Sun 22:05:14.17 - ARMA is currently running
2017/07/02 Sun 22:21:04.19 - ARMA is NOT running. Initialised Restart
2017/07/02 Sun 22:21:09.13 - ARMA is currently in the middle of a restart
2017/07/02 Sun 22:21:17.21 - ARMA is currently running
2017/07/03 Mon  3:00:12.17 - ARMA is currently running
2017/07/03 Mon 15:00:11.19 - ARMA is currently running
